<?xml version="1.0" encoding="UTF-8"?>
<!-- Generated by org.testng.reporters.JUnitReportReporter -->
<testsuite skipped="0" hostname="DESKTOP-4B60VFR" name="global.coda.HospitalManagementSystem.operations.DeletePatientRecordTest" tests="2" failures="0" timestamp="26 Aug 2019 01:36:49 GMT" time="0.201" errors="0">
  <testcase name="deletePatientObjectTestValid" time="0.008" classname="global.coda.HospitalManagementSystem.operations.DeletePatientRecordTest"/>
  <testcase name="deletePatientObjectTestInvalid" time="0.193" classname="global.coda.HospitalManagementSystem.operations.DeletePatientRecordTest"/>
</testsuite> <!-- global.coda.HospitalManagementSystem.operations.DeletePatientRecordTest -->
