<?xml version="1.0" encoding="UTF-8"?>
<!-- Generated by org.testng.reporters.JUnitReportReporter -->
<testsuite skipped="0" hostname="DESKTOP-4B60VFR" name="global.coda.HospitalManagementSystem.operations.ReadPatientRecordTest" tests="2" failures="0" timestamp="26 Aug 2019 01:37:00 GMT" time="0.350" errors="0">
  <testcase name="readPatientObjectTestInvalidOverflow" time="0.003" classname="global.coda.HospitalManagementSystem.operations.ReadPatientRecordTest"/>
  <testcase name="readPatientObjectTestInvalidEmpty" time="0.347" classname="global.coda.HospitalManagementSystem.operations.ReadPatientRecordTest"/>
</testsuite> <!-- global.coda.HospitalManagementSystem.operations.ReadPatientRecordTest -->
