<?xml version="1.0" encoding="UTF-8"?>
<!-- Generated by org.testng.reporters.JUnitReportReporter -->
<testsuite hostname="DESKTOP-168484D" failures="0" tests="6" name="global.coda.HospitalManagementSystem.operations.PatientServicesTest" time="0.180" errors="0" timestamp="06 Sep 2019 08:05:43 GMT" skipped="0">
  <testcase classname="global.coda.HospitalManagementSystem.operations.PatientServicesTest" name="updatePatientObjectTestValid" time="0.144"/>
  <testcase classname="global.coda.HospitalManagementSystem.operations.PatientServicesTest" name="deletePatientObjectTestValid" time="0.010"/>
  <testcase classname="global.coda.HospitalManagementSystem.operations.PatientServicesTest" name="createPatientObjectTestValid" time="0.011"/>
  <testcase classname="global.coda.HospitalManagementSystem.operations.PatientServicesTest" name="readPatientObjectTestInvalidEmpty" time="0.006"/>
  <testcase classname="global.coda.HospitalManagementSystem.operations.PatientServicesTest" name="createPatientObjectTestInValid" time="0.007"/>
  <testcase classname="global.coda.HospitalManagementSystem.operations.PatientServicesTest" name="readPatientObjectTestInvalidOverflow" time="0.002"/>
</testsuite> <!-- global.coda.HospitalManagementSystem.operations.PatientServicesTest -->
