<?xml version="1.0" encoding="UTF-8"?>
<!-- Generated by org.testng.reporters.JUnitReportReporter -->
<testsuite skipped="0" hostname="DESKTOP-4B60VFR" name="global.coda.HospitalManagementSystem.operations.CreatePatientRecordTest" tests="2" failures="0" timestamp="26 Aug 2019 01:37:08 GMT" time="0.171" errors="0">
  <testcase name="createPatientObjectTestValid" time="0.005" classname="global.coda.HospitalManagementSystem.operations.CreatePatientRecordTest"/>
  <testcase name="createPatientObjectTestInvalid" time="0.166" classname="global.coda.HospitalManagementSystem.operations.CreatePatientRecordTest"/>
</testsuite> <!-- global.coda.HospitalManagementSystem.operations.CreatePatientRecordTest -->
